<?xml version="1.0" encoding="UTF-8"?>
<!-- Generated by org.testng.reporters.JUnitReportReporter -->
<testsuite skipped="0" hostname="hp-PC" name="threadPractise.PractiseThread2" tests="1" failures="0" timestamp="20 Jun 2017 10:59:51 GMT" time="0.028" errors="0">
  <testcase name="C" time="0.028" classname="threadPractise.PractiseThread2"/>
</testsuite> <!-- threadPractise.PractiseThread2 -->
