<?xml version="1.0" encoding="UTF-8"?>
<!-- Generated by org.testng.reporters.JUnitReportReporter -->
<testsuite skipped="0" hostname="hp-PC" name="threadPractise.PractiseThread" tests="2" failures="0" timestamp="20 Jun 2017 10:59:51 GMT" time="0.033" errors="0">
  <testcase name="B" time="0.002" classname="threadPractise.PractiseThread"/>
  <testcase name="A" time="0.031" classname="threadPractise.PractiseThread"/>
</testsuite> <!-- threadPractise.PractiseThread -->
