<?xml version="1.0" encoding="UTF-8"?>
<!-- Generated by org.testng.reporters.JUnitReportReporter -->
<testsuite skipped="0" hostname="hp-PC" name="mine_failTc.Tescase1" tests="1" failures="0" timestamp="16 Feb 2018 08:11:38 GMT" time="0.002" errors="0">
  <testcase name="testcase" time="0.002" classname="mine_failTc.Tescase1"/>
</testsuite> <!-- mine_failTc.Tescase1 -->
